[     130ms] [INFO] %cDownload the React DevTools for a better development experience: https://react.dev/link/react-devtools font-weight:bold @ http://localhost:3000/_next/static/chunks/0ye._next_dist_0a655_k._.js:2477
[     140ms] [LOG] [HMR] connected @ http://localhost:3000/_next/static/chunks/0ye._next_dist_0a655_k._.js:2477
[     517ms] [LOG] %c *  *  *  *  *  *  *  *  *  *  *  *  *  *  *  *  *  *  *  *  *  *  color: #293BFF; @ http://localhost:3000/_next/static/chunks/0ye._next_dist_0a655_k._.js:2477
[     517ms] [LOG] %c LetMeAllez font-weight: bold; font-size: 50px; color: #293BFF; text-shadow: 3px 3px 0 #2BCCCC , 6px 6px 0 #57CCFF , 9px 9px 0 #33FF57 , 12px 12px 0 #FFC300 , 15px 15px 0 #FF5733 , 18px 18px 0 #F52B9A , 21px 21px 0 #9A2BF5; @ http://localhost:3000/_next/static/chunks/0ye._next_dist_0a655_k._.js:2477
[     518ms] [LOG] [LMA] 🔖 Version: %c4ffe9d9 color: #6B8FFF; font-weight: bold; @ http://localhost:3000/_next/static/chunks/0ye._next_dist_0a655_k._.js:2477
[     518ms] [LOG] [LMA] 🟢 Active: %ctrue color: #6B8FFF; font-weight: bold; @ http://localhost:3000/_next/static/chunks/0ye._next_dist_0a655_k._.js:2477
[     518ms] [LOG] [LMA] 👥 Partner ID: %cstay22 color: #FF5733; font-weight: bold; @ http://localhost:3000/_next/static/chunks/0ye._next_dist_0a655_k._.js:2477
[     518ms] [LOG] [LMA] 🔎 deepStruct: %c(none) color: #6B8FFF; font-weight: bold; @ http://localhost:3000/_next/static/chunks/0ye._next_dist_0a655_k._.js:2477
[     518ms] [LOG] [LMA] 🏕️ Campaign: %clocalhost color: #6B8FFF; font-weight: bold; @ http://localhost:3000/_next/static/chunks/0ye._next_dist_0a655_k._.js:2477
[     518ms] [LOG] [LMA] ⚡️ Sparklink: %cEnabled color: #6B8FFF; font-weight: bold; @ http://localhost:3000/_next/static/chunks/0ye._next_dist_0a655_k._.js:2477
[     518ms] [LOG] [LMA] 🥡 Widgets: %cEnabled color: #6B8FFF; font-weight: bold; @ http://localhost:3000/_next/static/chunks/0ye._next_dist_0a655_k._.js:2477
[     518ms] [LOG] %c *  *  *  *  *  *  *  *  *  *  *  *  *  *  *  *  *  *  *  *  *  *  color: #293BFF; @ http://localhost:3000/_next/static/chunks/0ye._next_dist_0a655_k._.js:2477
[   92486ms] [LOG] [Fast Refresh] rebuilding @ http://localhost:3000/_next/static/chunks/0ye._next_dist_0a655_k._.js:2477
[   92558ms] [LOG] [Fast Refresh] done in 137ms @ http://localhost:3000/_next/static/chunks/0ye._next_dist_0a655_k._.js:2477
[  127505ms] [LOG] [Fast Refresh] rebuilding @ http://localhost:3000/_next/static/chunks/0ye._next_dist_0a655_k._.js:2477
[  127515ms] [LOG] [Fast Refresh] done in 111ms @ http://localhost:3000/_next/static/chunks/0ye._next_dist_0a655_k._.js:2477
[  414878ms] [LOG] [Fast Refresh] rebuilding @ http://localhost:3000/_next/static/chunks/0ye._next_dist_0a655_k._.js:2477
[  414925ms] [LOG] [Fast Refresh] done in 122ms @ http://localhost:3000/_next/static/chunks/0ye._next_dist_0a655_k._.js:2477
[  507810ms] [LOG] [Fast Refresh] rebuilding @ http://localhost:3000/_next/static/chunks/0ye._next_dist_0a655_k._.js:2477
[  507853ms] [LOG] [Fast Refresh] done in 83ms @ http://localhost:3000/_next/static/chunks/0ye._next_dist_0a655_k._.js:2477
[  587595ms] [LOG] [Fast Refresh] rebuilding @ http://localhost:3000/_next/static/chunks/0ye._next_dist_0a655_k._.js:2477
[  587728ms] [LOG] [Fast Refresh] done in 195ms @ http://localhost:3000/_next/static/chunks/0ye._next_dist_0a655_k._.js:2477
[  612147ms] [LOG] [Fast Refresh] rebuilding @ http://localhost:3000/_next/static/chunks/0ye._next_dist_0a655_k._.js:2477
[  612165ms] [LOG] [Fast Refresh] done in 69ms @ http://localhost:3000/_next/static/chunks/0ye._next_dist_0a655_k._.js:2477
[  966354ms] [LOG] [Fast Refresh] rebuilding @ http://localhost:3000/_next/static/chunks/0ye._next_dist_0a655_k._.js:2477
[  966484ms] [LOG] [Fast Refresh] done in 232ms @ http://localhost:3000/_next/static/chunks/0ye._next_dist_0a655_k._.js:2477
[ 1076951ms] [LOG] [Fast Refresh] rebuilding @ http://localhost:3000/_next/static/chunks/0ye._next_dist_0a655_k._.js:2477
[ 1077004ms] [LOG] [Fast Refresh] done in 155ms @ http://localhost:3000/_next/static/chunks/0ye._next_dist_0a655_k._.js:2477
[ 1271446ms] [LOG] [Fast Refresh] rebuilding @ http://localhost:3000/_next/static/chunks/0ye._next_dist_0a655_k._.js:2477
[ 1271524ms] [LOG] [Fast Refresh] done in 180ms @ http://localhost:3000/_next/static/chunks/0ye._next_dist_0a655_k._.js:2477
[ 1375722ms] [LOG] [Fast Refresh] rebuilding @ http://localhost:3000/_next/static/chunks/0ye._next_dist_0a655_k._.js:2477
[ 1375772ms] [LOG] [Fast Refresh] done in 151ms @ http://localhost:3000/_next/static/chunks/0ye._next_dist_0a655_k._.js:2477
[ 2240012ms] [LOG] [Fast Refresh] rebuilding @ http://localhost:3000/_next/static/chunks/0ye._next_dist_0a655_k._.js:2477
[ 2240323ms] [LOG] [Fast Refresh] done in 398ms @ http://localhost:3000/_next/static/chunks/0ye._next_dist_0a655_k._.js:2477
[ 2241004ms] [INFO] %cDownload the React DevTools for a better development experience: https://react.dev/link/react-devtools font-weight:bold @ http://localhost:3000/_next/static/chunks/0ye._next_dist_0a655_k._.js:2477
[ 2241040ms] [LOG] [HMR] connected @ http://localhost:3000/_next/static/chunks/0ye._next_dist_0a655_k._.js:2477
[ 2271406ms] [LOG] [Fast Refresh] rebuilding @ http://localhost:3000/_next/static/chunks/0ye._next_dist_0a655_k._.js:2477
[ 2271438ms] [LOG] [Fast Refresh] done in 134ms @ http://localhost:3000/_next/static/chunks/0ye._next_dist_0a655_k._.js:2477
[ 2301338ms] [LOG] [Fast Refresh] rebuilding @ http://localhost:3000/_next/static/chunks/0ye._next_dist_0a655_k._.js:2477
[ 2301401ms] [LOG] [Fast Refresh] done in 164ms @ http://localhost:3000/_next/static/chunks/0ye._next_dist_0a655_k._.js:2477
[ 2422805ms] [LOG] [Fast Refresh] rebuilding @ http://localhost:3000/_next/static/chunks/0ye._next_dist_0a655_k._.js:2477
[ 2422828ms] [LOG] [Fast Refresh] done in 67ms @ http://localhost:3000/_next/static/chunks/0ye._next_dist_0a655_k._.js:2477
[ 2511002ms] [LOG] [Fast Refresh] rebuilding @ http://localhost:3000/_next/static/chunks/0ye._next_dist_0a655_k._.js:2477
[ 2511025ms] [LOG] [Fast Refresh] done in 77ms @ http://localhost:3000/_next/static/chunks/0ye._next_dist_0a655_k._.js:2477
[ 2636648ms] [LOG] [Fast Refresh] rebuilding @ http://localhost:3000/_next/static/chunks/0ye._next_dist_0a655_k._.js:2477
[ 2637666ms] [LOG] [HMR] connected @ http://localhost:3000/_next/static/chunks/0ye._next_dist_0a655_k._.js:2477
[ 2639796ms] [INFO] %cDownload the React DevTools for a better development experience: https://react.dev/link/react-devtools font-weight:bold @ http://localhost:3000/_next/static/chunks/0ye._next_dist_0a655_k._.js:2477
[ 2639818ms] [LOG] [HMR] connected @ http://localhost:3000/_next/static/chunks/0ye._next_dist_0a655_k._.js:2477
[ 2648002ms] [LOG] [Fast Refresh] rebuilding @ http://localhost:3000/_next/static/chunks/0ye._next_dist_0a655_k._.js:2477
[ 2649790ms] [ERROR] WebSocket connection to 'ws://localhost:3000/_next/webpack-hmr?id=qowKGpuwl8piGB__orIGl' failed: Error in connection establishment: net::ERR_CONNECTION_REFUSED @ http://localhost:3000/_next/static/chunks/0ye._next_dist_client_0z375ys._.js:13322
[ 2650792ms] [ERROR] WebSocket connection to 'ws://localhost:3000/_next/webpack-hmr?id=qowKGpuwl8piGB__orIGl' failed: Error in connection establishment: net::ERR_CONNECTION_REFUSED @ http://localhost:3000/_next/static/chunks/0ye._next_dist_client_0z375ys._.js:13322
[ 2651795ms] [ERROR] WebSocket connection to 'ws://localhost:3000/_next/webpack-hmr?id=qowKGpuwl8piGB__orIGl' failed: Error in connection establishment: net::ERR_CONNECTION_REFUSED @ http://localhost:3000/_next/static/chunks/0ye._next_dist_client_0z375ys._.js:13322
[ 2652797ms] [ERROR] WebSocket connection to 'ws://localhost:3000/_next/webpack-hmr?id=qowKGpuwl8piGB__orIGl' failed: Error in connection establishment: net::ERR_CONNECTION_REFUSED @ http://localhost:3000/_next/static/chunks/0ye._next_dist_client_0z375ys._.js:13322
[ 2653800ms] [ERROR] WebSocket connection to 'ws://localhost:3000/_next/webpack-hmr?id=qowKGpuwl8piGB__orIGl' failed: Error in connection establishment: net::ERR_CONNECTION_REFUSED @ http://localhost:3000/_next/static/chunks/0ye._next_dist_client_0z375ys._.js:13322
[ 2658802ms] [ERROR] WebSocket connection to 'ws://localhost:3000/_next/webpack-hmr?id=qowKGpuwl8piGB__orIGl' failed: Error in connection establishment: net::ERR_CONNECTION_REFUSED @ http://localhost:3000/_next/static/chunks/0ye._next_dist_client_0z375ys._.js:13322
[ 2663805ms] [ERROR] WebSocket connection to 'ws://localhost:3000/_next/webpack-hmr?id=qowKGpuwl8piGB__orIGl' failed: Error in connection establishment: net::ERR_CONNECTION_REFUSED @ http://localhost:3000/_next/static/chunks/0ye._next_dist_client_0z375ys._.js:13322
[ 2668807ms] [ERROR] WebSocket connection to 'ws://localhost:3000/_next/webpack-hmr?id=qowKGpuwl8piGB__orIGl' failed: Error in connection establishment: net::ERR_CONNECTION_REFUSED @ http://localhost:3000/_next/static/chunks/0ye._next_dist_client_0z375ys._.js:13322
[ 2673811ms] [ERROR] WebSocket connection to 'ws://localhost:3000/_next/webpack-hmr?id=qowKGpuwl8piGB__orIGl' failed: Error in connection establishment: net::ERR_CONNECTION_REFUSED @ http://localhost:3000/_next/static/chunks/0ye._next_dist_client_0z375ys._.js:13322
[ 2678814ms] [ERROR] WebSocket connection to 'ws://localhost:3000/_next/webpack-hmr?id=qowKGpuwl8piGB__orIGl' failed: Error in connection establishment: net::ERR_CONNECTION_REFUSED @ http://localhost:3000/_next/static/chunks/0ye._next_dist_client_0z375ys._.js:13322
[ 2683817ms] [ERROR] WebSocket connection to 'ws://localhost:3000/_next/webpack-hmr?id=qowKGpuwl8piGB__orIGl' failed: Error in connection establishment: net::ERR_CONNECTION_REFUSED @ http://localhost:3000/_next/static/chunks/0ye._next_dist_client_0z375ys._.js:13322
[ 2688852ms] [ERROR] WebSocket connection to 'ws://localhost:3000/_next/webpack-hmr?id=qowKGpuwl8piGB__orIGl' failed: Error in connection establishment: net::ERR_CONNECTION_REFUSED @ http://localhost:3000/_next/static/chunks/0ye._next_dist_client_0z375ys._.js:13322
